01:29:08.673 [main] INFO  com.company.step_definitions.Hook - chrome browser launched
01:29:10.230 [main] INFO  com.company.step_definitions.WindowsAuthentication - navigated the website
01:29:12.241 [main] INFO  com.company.step_definitions.Hook - chrome browser closed
01:30:20.077 [main] INFO  com.company.step_definitions.Hook - chrome browser launched
01:30:20.984 [main] INFO  com.company.step_definitions.WindowsAuthentication - navigated the website
01:30:22.749 [main] INFO  com.company.step_definitions.Hook - chrome browser closed
01:32:39.741 [pool-1-thread-2] INFO  com.company.step_definitions.Hook - chrome browser launched
01:32:39.741 [pool-1-thread-1] INFO  com.company.step_definitions.Hook - chrome browser launched
01:32:41.318 [pool-1-thread-1] INFO  com.company.step_definitions.WindowsAuthentication - navigated the website
01:32:42.702 [pool-1-thread-2] INFO  com.company.step_definitions.Hook - chrome browser closed
01:32:43.363 [pool-1-thread-1] INFO  com.company.step_definitions.Hook - chrome browser closed
01:36:45.224 [pool-1-thread-1] INFO  com.company.step_definitions.Hook - chrome browser launched
01:36:46.153 [pool-1-thread-1] INFO  com.company.step_definitions.WindowsAuthentication - navigated the website
01:36:47.975 [pool-1-thread-1] INFO  com.company.step_definitions.Hook - chrome browser closed
01:52:32.988 [pool-1-thread-7] INFO  com.company.step_definitions.Hook - chrome browser launched
01:52:32.988 [pool-1-thread-13] INFO  com.company.step_definitions.Hook - chrome browser launched
01:52:32.988 [pool-1-thread-14] INFO  com.company.step_definitions.Hook - chrome browser launched
01:52:32.988 [pool-1-thread-16] INFO  com.company.step_definitions.Hook - chrome browser launched
01:52:32.988 [pool-1-thread-9] INFO  com.company.step_definitions.Hook - chrome browser launched
01:52:32.988 [pool-1-thread-6] INFO  com.company.step_definitions.Hook - chrome browser launched
01:52:32.988 [pool-1-thread-12] INFO  com.company.step_definitions.Hook - chrome browser launched
01:52:32.988 [pool-1-thread-8] INFO  com.company.step_definitions.Hook - chrome browser launched
01:52:32.988 [pool-1-thread-15] INFO  com.company.step_definitions.Hook - chrome browser launched
01:52:32.988 [pool-1-thread-4] INFO  com.company.step_definitions.Hook - chrome browser launched
01:52:32.988 [pool-1-thread-10] INFO  com.company.step_definitions.Hook - chrome browser launched
01:52:33.327 [pool-1-thread-1] INFO  com.company.step_definitions.Hook - chrome browser launched
01:52:37.926 [pool-1-thread-5] INFO  com.company.step_definitions.Hook - chrome browser launched
01:52:38.718 [pool-1-thread-11] INFO  com.company.step_definitions.Hook - chrome browser launched
01:52:39.438 [pool-1-thread-2] INFO  com.company.step_definitions.Hook - chrome browser launched
01:52:40.114 [pool-1-thread-3] INFO  com.company.step_definitions.Hook - chrome browser launched
01:53:08.956 [pool-1-thread-2] INFO  com.company.step_definitions.WindowsAuthentication - navigated the website
01:53:10.838 [pool-1-thread-1] INFO  com.company.step_definitions.Hook - chrome browser closed
01:53:15.371 [pool-1-thread-4] INFO  com.company.step_definitions.Hook - chrome browser closed
01:53:16.026 [pool-1-thread-12] INFO  com.company.step_definitions.Hook - chrome browser closed
01:53:16.295 [pool-1-thread-2] INFO  com.company.step_definitions.Hook - chrome browser closed
01:53:22.627 [pool-1-thread-14] INFO  com.company.step_definitions.Hook - chrome browser closed
01:53:34.678 [pool-1-thread-9] INFO  com.company.step_definitions.Hook - chrome browser closed
01:53:35.443 [pool-1-thread-15] INFO  com.company.step_definitions.Hook - chrome browser closed
01:53:35.503 [pool-1-thread-4] INFO  com.company.step_definitions.Hook - chrome browser launched
01:53:35.605 [pool-1-thread-2] INFO  com.company.step_definitions.Hook - chrome browser launched
01:53:35.725 [pool-1-thread-1] INFO  com.company.step_definitions.Hook - chrome browser launched
01:53:36.828 [pool-1-thread-12] INFO  com.company.step_definitions.Hook - chrome browser launched
01:53:44.531 [pool-1-thread-14] INFO  com.company.step_definitions.Hook - chrome browser launched
01:53:48.519 [pool-1-thread-9] INFO  com.company.step_definitions.Hook - chrome browser launched
01:53:49.851 [pool-1-thread-15] INFO  com.company.step_definitions.Hook - chrome browser launched
01:53:56.361 [pool-1-thread-16] INFO  com.company.step_definitions.Hook - chrome browser closed
01:54:04.780 [pool-1-thread-10] INFO  com.company.step_definitions.Hook - chrome browser closed
01:54:06.709 [pool-1-thread-16] INFO  com.company.step_definitions.Hook - chrome browser launched
01:54:19.107 [pool-1-thread-10] INFO  com.company.step_definitions.Hook - chrome browser launched
01:54:20.837 [pool-1-thread-8] INFO  com.company.step_definitions.Hook - chrome browser closed
01:54:29.532 [pool-1-thread-15] INFO  com.company.step_definitions.Hook - chrome browser closed
01:54:30.480 [pool-1-thread-14] INFO  com.company.step_definitions.Hook - chrome browser closed
01:54:35.061 [pool-1-thread-8] INFO  com.company.step_definitions.Hook - chrome browser launched
01:54:35.315 [pool-1-thread-3] INFO  com.company.step_definitions.Hook - chrome browser closed
01:54:40.950 [pool-1-thread-15] INFO  com.company.step_definitions.Hook - chrome browser launched
01:54:41.860 [pool-1-thread-14] INFO  com.company.step_definitions.Hook - chrome browser launched
01:54:44.081 [pool-1-thread-16] INFO  com.company.step_definitions.Hook - chrome browser closed
01:54:49.637 [pool-1-thread-4] INFO  com.company.step_definitions.Hook - chrome browser closed
01:54:52.950 [pool-1-thread-2] INFO  com.company.step_definitions.Hook - chrome browser closed
01:54:55.003 [pool-1-thread-9] INFO  com.company.step_definitions.Hook - chrome browser closed
01:55:01.382 [pool-1-thread-12] INFO  com.company.step_definitions.Hook - chrome browser closed
01:55:02.935 [pool-1-thread-9] INFO  com.company.step_definitions.Hook - chrome browser launched
01:55:03.281 [pool-1-thread-2] INFO  com.company.step_definitions.Hook - chrome browser launched
01:55:06.879 [pool-1-thread-6] INFO  com.company.step_definitions.Hook - chrome browser closed
01:55:07.771 [pool-1-thread-13] INFO  com.company.step_definitions.Hook - chrome browser closed
01:55:13.164 [pool-1-thread-7] INFO  com.company.step_definitions.Hook - chrome browser closed
01:55:14.402 [pool-1-thread-1] INFO  com.company.step_definitions.Hook - chrome browser closed
01:55:15.123 [pool-1-thread-11] INFO  com.company.step_definitions.Hook - chrome browser closed
01:55:17.966 [pool-1-thread-5] INFO  com.company.step_definitions.Hook - chrome browser closed
01:55:20.647 [pool-1-thread-7] INFO  com.company.step_definitions.Hook - chrome browser launched
01:55:21.543 [pool-1-thread-1] INFO  com.company.step_definitions.Hook - chrome browser launched
01:55:25.505 [pool-1-thread-14] INFO  com.company.step_definitions.Hook - chrome browser closed
01:55:27.388 [pool-1-thread-8] INFO  com.company.step_definitions.Hook - chrome browser closed
01:55:27.891 [pool-1-thread-15] INFO  com.company.step_definitions.Hook - chrome browser closed
01:55:29.354 [pool-1-thread-10] INFO  com.company.step_definitions.Hook - chrome browser closed
01:55:29.490 [pool-1-thread-1] INFO  com.company.step_definitions.Hook - chrome browser closed
01:55:32.902 [pool-1-thread-7] INFO  com.company.utilities.BrowserUtils - Element not displayed 
01:55:33.060 [pool-1-thread-7] INFO  com.company.utilities.BrowserUtils - Element not displayed 
01:55:33.289 [pool-1-thread-7] INFO  com.company.step_definitions.Hook - chrome browser closed
01:55:35.195 [pool-1-thread-2] INFO  com.company.step_definitions.Hook - chrome browser closed
01:55:35.746 [pool-1-thread-15] INFO  com.company.step_definitions.Hook - chrome browser launched
01:55:36.536 [pool-1-thread-1] INFO  com.company.step_definitions.Hook - chrome browser launched
01:55:37.558 [pool-1-thread-9] INFO  com.company.step_definitions.Hook - chrome browser closed
01:55:39.408 [pool-1-thread-1] INFO  com.company.step_definitions.Hook - chrome browser closed
01:55:39.813 [pool-1-thread-15] INFO  com.company.step_definitions.Hook - chrome browser closed
01:58:07.622 [pool-1-thread-9] INFO  com.company.step_definitions.Hook - chrome browser launched
01:58:07.619 [pool-1-thread-1] INFO  com.company.step_definitions.Hook - chrome browser launched
01:58:07.628 [pool-1-thread-4] INFO  com.company.step_definitions.Hook - chrome browser launched
01:58:07.629 [pool-1-thread-7] INFO  com.company.step_definitions.Hook - chrome browser launched
01:58:07.628 [pool-1-thread-15] INFO  com.company.step_definitions.Hook - chrome browser launched
01:58:07.640 [pool-1-thread-5] INFO  com.company.step_definitions.Hook - chrome browser launched
01:58:07.622 [pool-1-thread-12] INFO  com.company.step_definitions.Hook - chrome browser launched
01:58:07.640 [pool-1-thread-3] INFO  com.company.step_definitions.Hook - chrome browser launched
01:58:07.622 [pool-1-thread-2] INFO  com.company.step_definitions.Hook - chrome browser launched
01:58:07.621 [pool-1-thread-10] INFO  com.company.step_definitions.Hook - chrome browser launched
01:58:07.639 [pool-1-thread-16] INFO  com.company.step_definitions.Hook - chrome browser launched
01:58:07.622 [pool-1-thread-14] INFO  com.company.step_definitions.Hook - chrome browser launched
01:58:07.639 [pool-1-thread-8] INFO  com.company.step_definitions.Hook - chrome browser launched
01:58:07.622 [pool-1-thread-6] INFO  com.company.step_definitions.Hook - chrome browser launched
01:58:07.621 [pool-1-thread-11] INFO  com.company.step_definitions.Hook - chrome browser launched
01:58:07.649 [pool-1-thread-13] INFO  com.company.step_definitions.Hook - chrome browser launched
01:58:34.790 [pool-1-thread-16] INFO  com.company.step_definitions.Hook - chrome browser closed
01:58:35.547 [pool-1-thread-6] INFO  com.company.step_definitions.Hook - chrome browser closed
01:58:36.288 [pool-1-thread-11] INFO  com.company.step_definitions.Hook - chrome browser closed
01:58:49.435 [pool-1-thread-6] INFO  com.company.step_definitions.Hook - chrome browser launched
01:58:49.586 [pool-1-thread-16] INFO  com.company.step_definitions.Hook - chrome browser launched
01:58:50.475 [pool-1-thread-11] INFO  com.company.step_definitions.Hook - chrome browser launched
01:59:09.653 [pool-1-thread-5] INFO  com.company.step_definitions.Hook - chrome browser closed
01:59:18.514 [pool-1-thread-12] INFO  com.company.step_definitions.Hook - chrome browser closed
01:59:20.168 [pool-1-thread-9] INFO  com.company.step_definitions.Hook - chrome browser closed
01:59:30.531 [pool-1-thread-5] INFO  com.company.step_definitions.Hook - chrome browser launched
01:59:36.025 [pool-1-thread-12] INFO  com.company.step_definitions.Hook - chrome browser launched
01:59:36.444 [pool-1-thread-9] INFO  com.company.step_definitions.Hook - chrome browser launched
01:59:45.560 [pool-1-thread-15] INFO  com.company.step_definitions.Hook - chrome browser closed
01:59:58.670 [pool-1-thread-8] INFO  com.company.step_definitions.Hook - chrome browser closed
02:00:03.212 [pool-1-thread-15] INFO  com.company.step_definitions.Hook - chrome browser launched
02:00:14.370 [pool-1-thread-8] INFO  com.company.step_definitions.Hook - chrome browser launched
02:00:48.157 [pool-1-thread-7] INFO  com.company.step_definitions.Hook - chrome browser closed
02:00:48.909 [pool-1-thread-3] INFO  com.company.step_definitions.Hook - chrome browser closed
02:01:02.122 [pool-1-thread-3] INFO  com.company.step_definitions.Hook - chrome browser launched
02:01:02.362 [pool-1-thread-7] INFO  com.company.step_definitions.Hook - chrome browser launched
02:01:09.280 [pool-1-thread-13] INFO  com.company.step_definitions.Hook - chrome browser closed
02:01:09.902 [pool-1-thread-4] INFO  com.company.step_definitions.Hook - chrome browser closed
02:01:16.007 [pool-1-thread-1] INFO  com.company.step_definitions.Hook - chrome browser closed
02:01:21.830 [pool-1-thread-14] INFO  com.company.step_definitions.Hook - chrome browser closed
02:01:22.607 [pool-1-thread-2] INFO  com.company.step_definitions.WindowsAuthentication - navigated the website
02:01:26.763 [pool-1-thread-1] INFO  com.company.step_definitions.Hook - chrome browser launched
02:01:26.930 [pool-1-thread-2] INFO  com.company.step_definitions.Hook - chrome browser closed
02:01:31.278 [pool-1-thread-14] INFO  com.company.step_definitions.Hook - chrome browser launched
02:01:37.228 [pool-1-thread-10] INFO  com.company.step_definitions.Hook - chrome browser closed
02:01:41.859 [pool-1-thread-6] INFO  com.company.step_definitions.Hook - chrome browser closed
02:01:42.219 [pool-1-thread-16] INFO  com.company.step_definitions.Hook - chrome browser closed
02:01:44.132 [pool-1-thread-8] INFO  com.company.step_definitions.Hook - chrome browser closed
02:01:44.859 [pool-1-thread-3] INFO  com.company.step_definitions.Hook - chrome browser closed
02:01:48.816 [pool-1-thread-7] INFO  com.company.utilities.BrowserUtils - Element not displayed 
02:01:48.841 [pool-1-thread-7] INFO  com.company.utilities.BrowserUtils - Element not displayed 
02:01:49.307 [pool-1-thread-1] INFO  com.company.step_definitions.Hook - chrome browser closed
02:01:49.664 [pool-1-thread-7] INFO  com.company.step_definitions.Hook - chrome browser closed
02:01:50.437 [pool-1-thread-12] INFO  com.company.step_definitions.Hook - chrome browser closed
02:01:54.781 [pool-1-thread-5] INFO  com.company.step_definitions.Hook - chrome browser closed
02:01:58.054 [pool-1-thread-1] INFO  com.company.step_definitions.Hook - chrome browser launched
02:01:59.826 [pool-1-thread-11] INFO  com.company.step_definitions.Hook - chrome browser closed
02:02:00.701 [pool-1-thread-12] INFO  com.company.step_definitions.Hook - chrome browser launched
02:02:02.366 [pool-1-thread-5] INFO  com.company.step_definitions.Hook - chrome browser launched
02:02:06.325 [pool-1-thread-11] INFO  com.company.step_definitions.Hook - chrome browser launched
02:02:07.839 [pool-1-thread-9] INFO  com.company.step_definitions.Hook - chrome browser closed
02:02:10.485 [pool-1-thread-14] INFO  com.company.step_definitions.Hook - chrome browser closed
02:02:11.064 [pool-1-thread-1] INFO  com.company.step_definitions.Hook - chrome browser closed
02:02:12.825 [pool-1-thread-11] INFO  com.company.step_definitions.Hook - chrome browser closed
02:02:13.033 [pool-1-thread-12] INFO  com.company.step_definitions.Hook - chrome browser closed
02:02:16.910 [pool-1-thread-5] INFO  com.company.step_definitions.Hook - chrome browser closed
02:02:17.112 [pool-1-thread-1] INFO  com.company.step_definitions.Hook - chrome browser launched
02:02:17.946 [pool-1-thread-15] INFO  com.company.step_definitions.Hook - chrome browser closed
02:02:18.358 [pool-1-thread-12] INFO  com.company.step_definitions.Hook - chrome browser launched
02:02:20.451 [pool-1-thread-1] INFO  com.company.step_definitions.Hook - chrome browser closed
02:02:21.051 [pool-1-thread-12] INFO  com.company.step_definitions.Hook - chrome browser closed
02:08:52.183 [main] INFO  com.company.step_definitions.Hook - chrome browser launched
02:09:06.744 [main] INFO  com.company.step_definitions.Hook - chrome browser closed
02:09:10.661 [main] INFO  com.company.step_definitions.Hook - chrome browser launched
02:09:12.970 [main] INFO  com.company.step_definitions.Hook - chrome browser closed
02:09:16.692 [main] INFO  com.company.step_definitions.Hook - chrome browser launched
02:09:21.782 [main] INFO  com.company.step_definitions.Hook - chrome browser closed
