00:07:54.858 [pool-1-thread-2] INFO  com.company.step_definitions.Hook - chrome browser launched
00:07:54.858 [pool-1-thread-1] INFO  com.company.step_definitions.Hook - chrome browser launched
00:07:56.375 [pool-1-thread-1] INFO  com.company.step_definitions.WindowsAuthentication - navigated the website
00:07:57.328 [pool-1-thread-2] INFO  com.company.step_definitions.Hook - chrome browser closed
00:07:58.280 [pool-1-thread-1] INFO  com.company.step_definitions.Hook - chrome browser closed
19:07:25.208 [main] INFO  com.company.step_definitions.Hook - chrome browser launched
19:07:26.362 [main] INFO  com.company.step_definitions.Hook - chrome browser closed
19:07:28.700 [main] INFO  com.company.step_definitions.Hook - chrome browser launched
19:07:29.774 [main] INFO  com.company.step_definitions.Hook - chrome browser closed
19:07:32.366 [main] INFO  com.company.step_definitions.Hook - chrome browser launched
19:07:33.673 [main] INFO  com.company.step_definitions.Hook - chrome browser closed
19:07:35.897 [main] INFO  com.company.step_definitions.Hook - chrome browser launched
19:07:37.057 [main] INFO  com.company.step_definitions.Hook - chrome browser closed
19:07:39.304 [main] INFO  com.company.step_definitions.Hook - chrome browser launched
19:07:39.895 [main] INFO  com.company.step_definitions.WindowsAuthentication - navigated the website
19:07:41.491 [main] INFO  com.company.step_definitions.Hook - chrome browser closed
19:07:43.801 [main] INFO  com.company.step_definitions.Hook - chrome browser launched
19:07:45.331 [main] INFO  com.company.step_definitions.Hook - chrome browser closed
19:07:47.857 [main] INFO  com.company.step_definitions.Hook - chrome browser launched
19:07:49.219 [main] INFO  com.company.step_definitions.Hook - chrome browser closed
19:07:51.456 [main] INFO  com.company.step_definitions.Hook - chrome browser launched
19:07:52.795 [main] INFO  com.company.step_definitions.Hook - chrome browser closed
19:07:54.995 [main] INFO  com.company.step_definitions.Hook - chrome browser launched
19:07:56.312 [main] INFO  com.company.step_definitions.Hook - chrome browser closed
19:07:58.531 [main] INFO  com.company.step_definitions.Hook - chrome browser launched
19:08:03.399 [main] INFO  com.company.step_definitions.Hook - chrome browser closed
19:08:05.828 [main] INFO  com.company.step_definitions.Hook - chrome browser launched
19:08:10.035 [main] INFO  com.company.utilities.BrowserUtils - Element not displayed 
19:08:10.054 [main] INFO  com.company.utilities.BrowserUtils - Element not displayed 
19:08:10.177 [main] INFO  com.company.step_definitions.Hook - chrome browser closed
19:08:12.587 [main] INFO  com.company.step_definitions.Hook - chrome browser launched
19:08:19.934 [main] INFO  com.company.step_definitions.Hook - chrome browser closed
19:08:22.098 [main] INFO  com.company.step_definitions.Hook - chrome browser launched
19:08:24.093 [main] INFO  com.company.step_definitions.Hook - chrome browser closed
19:08:26.559 [main] INFO  com.company.step_definitions.Hook - chrome browser launched
19:08:29.621 [main] INFO  com.company.step_definitions.Hook - chrome browser closed
19:08:31.775 [main] INFO  com.company.step_definitions.Hook - chrome browser launched
19:08:34.262 [main] INFO  com.company.step_definitions.Hook - chrome browser closed
19:08:36.773 [main] INFO  com.company.step_definitions.Hook - chrome browser launched
19:08:38.208 [main] INFO  com.company.step_definitions.Hook - chrome browser closed
19:08:40.480 [main] INFO  com.company.step_definitions.Hook - chrome browser launched
19:08:42.259 [main] INFO  com.company.step_definitions.Hook - chrome browser closed
19:08:44.813 [main] INFO  com.company.step_definitions.Hook - chrome browser launched
19:08:46.952 [main] INFO  com.company.step_definitions.Hook - chrome browser closed
19:08:49.210 [main] INFO  com.company.step_definitions.Hook - chrome browser launched
19:08:51.573 [main] INFO  com.company.step_definitions.Hook - chrome browser closed
19:08:53.835 [main] INFO  com.company.step_definitions.Hook - chrome browser launched
19:09:07.270 [main] INFO  com.company.step_definitions.Hook - chrome browser closed
19:09:09.811 [main] INFO  com.company.step_definitions.Hook - chrome browser launched
19:09:11.479 [main] INFO  com.company.step_definitions.Hook - chrome browser closed
19:09:13.698 [main] INFO  com.company.step_definitions.Hook - chrome browser launched
19:09:17.136 [main] INFO  com.company.step_definitions.Hook - chrome browser closed
19:09:19.693 [main] INFO  com.company.step_definitions.Hook - chrome browser launched
19:09:22.873 [main] INFO  com.company.step_definitions.Hook - chrome browser closed
19:09:25.277 [main] INFO  com.company.step_definitions.Hook - chrome browser launched
19:09:27.128 [main] INFO  com.company.step_definitions.Hook - chrome browser closed
19:09:29.716 [main] INFO  com.company.step_definitions.Hook - chrome browser launched
19:09:30.772 [main] INFO  com.company.step_definitions.Hook - chrome browser closed
19:09:32.962 [main] INFO  com.company.step_definitions.Hook - chrome browser launched
19:09:36.780 [main] INFO  com.company.step_definitions.Hook - chrome browser closed
19:09:39.369 [main] INFO  com.company.step_definitions.Hook - chrome browser launched
19:09:43.463 [main] INFO  com.company.step_definitions.Hook - chrome browser closed
19:09:46.123 [main] INFO  com.company.step_definitions.Hook - chrome browser launched
19:09:47.413 [main] INFO  com.company.step_definitions.Hook - chrome browser closed
19:09:49.651 [main] INFO  com.company.step_definitions.Hook - chrome browser launched
19:09:50.961 [main] INFO  com.company.step_definitions.Hook - chrome browser closed
19:09:53.175 [main] INFO  com.company.step_definitions.Hook - chrome browser launched
19:09:54.565 [main] INFO  com.company.step_definitions.Hook - chrome browser closed
19:09:56.791 [main] INFO  com.company.step_definitions.Hook - chrome browser launched
19:10:02.698 [main] INFO  com.company.step_definitions.Hook - chrome browser closed
19:10:04.889 [main] INFO  com.company.step_definitions.Hook - chrome browser launched
19:10:09.457 [main] INFO  com.company.step_definitions.Hook - chrome browser closed
19:10:11.794 [main] INFO  com.company.step_definitions.Hook - chrome browser launched
19:10:12.979 [main] INFO  com.company.step_definitions.Hook - chrome browser closed
19:10:15.185 [main] INFO  com.company.step_definitions.Hook - chrome browser launched
19:10:16.001 [main] INFO  com.company.step_definitions.Hook - chrome browser closed
19:14:18.488 [main] INFO  com.company.step_definitions.Hook - chrome browser launched
19:14:20.553 [main] INFO  com.company.step_definitions.Hook - chrome browser closed
19:14:23.030 [main] INFO  com.company.step_definitions.Hook - chrome browser launched
19:14:27.679 [main] INFO  com.company.step_definitions.Hook - chrome browser closed
